<?xml version="1.0" encoding="UTF-8" ?>
<testsuite tests="1" failures="0" name="com.pinyougou.mapper.TestDao" time="0.411" errors="0" skipped="0">
  <properties>
    <property name="idea.version" value="2020.2.3"/>
    <property name="java.runtime.name" value="Java(TM) SE Runtime Environment"/>
    <property name="sun.boot.library.path" value="D:\Program\install\Java\jdk1.8.0_131\jre\bin"/>
    <property name="java.vm.version" value="25.131-b11"/>
    <property name="java.vm.vendor" value="Oracle Corporation"/>
    <property name="maven.multiModuleProjectDirectory" value="D:\pj\pinyougou\code\pinyougou-parent"/>
    <property name="java.vendor.url" value="http://java.oracle.com/"/>
    <property name="path.separator" value=";"/>
    <property name="guice.disable.misplaced.annotation.check" value="true"/>
    <property name="java.vm.name" value="Java HotSpot(TM) 64-Bit Server VM"/>
    <property name="file.encoding.pkg" value="sun.io"/>
    <property name="user.script" value=""/>
    <property name="user.country" value="CN"/>
    <property name="sun.java.launcher" value="SUN_STANDARD"/>
    <property name="sun.os.patch.level" value=""/>
    <property name="java.vm.specification.name" value="Java Virtual Machine Specification"/>
    <property name="user.dir" value="D:\pj\pinyougou\code\pinyougou-parent"/>
    <property name="java.runtime.version" value="1.8.0_131-b11"/>
    <property name="java.awt.graphicsenv" value="sun.awt.Win32GraphicsEnvironment"/>
    <property name="java.endorsed.dirs" value="D:\Program\install\Java\jdk1.8.0_131\jre\lib\endorsed"/>
    <property name="os.arch" value="amd64"/>
    <property name="java.io.tmpdir" value="C:\Users\13523\AppData\Local\Temp\"/>
    <property name="line.separator" value="
"/>
    <property name="java.vm.specification.vendor" value="Oracle Corporation"/>
    <property name="user.variant" value=""/>
    <property name="os.name" value="Windows 10"/>
    <property name="maven.ext.class.path" value="D:\Program\install\JetBrains\IntelliJ IDEA 2020.2.3\plugins\maven\lib\maven-event-listener.jar"/>
    <property name="classworlds.conf" value="D:\Program\install\JetBrains\IntelliJ IDEA 2020.2.3\plugins\maven\lib\maven3\bin\m2.conf"/>
    <property name="sun.jnu.encoding" value="GBK"/>
    <property name="java.library.path" value="D:\Program\install\Java\jdk1.8.0_131\bin;C:\WINDOWS\Sun\Java\bin;C:\WINDOWS\system32;C:\WINDOWS;C:\WINDOWS\system32;C:\WINDOWS;C:\WINDOWS\System32\Wbem;C:\WINDOWS\System32\WindowsPowerShell\v1.0\;C:\WINDOWS\System32\OpenSSH\;&quot;%JAVA%\bin;%JAVA%\jre\bin&quot;;D:\Program\install\maven\maven-soft\apache-maven-3.5.2\bin;C:\Users\13523\AppData\Roaming\npm;D:\Program\install\gradle\gradle-6.3\bin;D:\Program\install\Git\cmd;C:\Program Files\TortoiseGit\bin;D:\Program\install\Java\jdk-11.0.5\bin;D:\Program\install\ffmpeg-20200206-343ccfc-win64-static\bin;D:\Program\install\SVN\VisualSVN Server\bin;D:\Program\install\SVN\TortoiseSVN\bin;D:\dev\oracle\instantclient_12_1;C:\ProgramData\chocolatey\bin;D:\Program\install\nodejs\;D:\Program\install\erlang\erl9.3\bin;D:\Program\install\redis\Redis-x64-3.2.100;D:\Program\install\wget\GnuWin32\bin;D:\Program\install\MySQL\mysql-8.0.11-winx64\bin;D:\Program\install\Python\Python38-32\Scripts\;D:\Program\install\Python\Python38-32\;C:\Users\13523\AppData\Local\Microsoft\WindowsApps;D:\Program Files\JetBrains\WebStorm 2018.3.3\bin;;D:\Program\install\JetBrains\IntelliJ IDEA 2020.2.3\bin;;&quot;%JAVA%\bin;%JAVA%\jre\bin&quot;;D:\Program\install\maven\maven-soft\apache-maven-3.5.2\bin;C:\Users\13523\AppData\Roaming\npm;C:\Users\13523\AppData\Local\GitHubDesktop\bin;."/>
    <property name="maven.conf" value="D:\Program\install\JetBrains\IntelliJ IDEA 2020.2.3\plugins\maven\lib\maven3/conf"/>
    <property name="java.specification.name" value="Java Platform API Specification"/>
    <property name="java.class.version" value="52.0"/>
    <property name="sun.management.compiler" value="HotSpot 64-Bit Tiered Compilers"/>
    <property name="os.version" value="10.0"/>
    <property name="user.home" value="C:\Users\13523"/>
    <property name="user.timezone" value="Asia/Shanghai"/>
    <property name="java.awt.printerjob" value="sun.awt.windows.WPrinterJob"/>
    <property name="java.specification.version" value="1.8"/>
    <property name="file.encoding" value="UTF-8"/>
    <property name="user.name" value="13523"/>
    <property name="java.class.path" value="D:\Program\install\JetBrains\IntelliJ IDEA 2020.2.3\plugins\maven\lib\maven3\boot\plexus-classworlds-2.6.0.jar;D:\Program\install\JetBrains\IntelliJ IDEA 2020.2.3\plugins\maven\lib\maven3\boot\plexus-classworlds.license;D:\Program\install\JetBrains\IntelliJ IDEA 2020.2.3\lib\idea_rt.jar"/>
    <property name="java.vm.specification.version" value="1.8"/>
    <property name="sun.arch.data.model" value="64"/>
    <property name="java.home" value="D:\Program\install\Java\jdk1.8.0_131\jre"/>
    <property name="sun.java.command" value="org.codehaus.classworlds.Launcher -Didea.version=2020.2.3 -s D:\Program\install\maven\maven-soft\apache-maven-3.5.2\conf\settings.xml clean install"/>
    <property name="java.specification.vendor" value="Oracle Corporation"/>
    <property name="user.language" value="zh"/>
    <property name="awt.toolkit" value="sun.awt.windows.WToolkit"/>
    <property name="java.vm.info" value="mixed mode"/>
    <property name="java.version" value="1.8.0_131"/>
    <property name="java.ext.dirs" value="D:\Program\install\Java\jdk1.8.0_131\jre\lib\ext;C:\WINDOWS\Sun\Java\lib\ext"/>
    <property name="sun.boot.class.path" value="D:\Program\install\Java\jdk1.8.0_131\jre\lib\resources.jar;D:\Program\install\Java\jdk1.8.0_131\jre\lib\rt.jar;D:\Program\install\Java\jdk1.8.0_131\jre\lib\sunrsasign.jar;D:\Program\install\Java\jdk1.8.0_131\jre\lib\jsse.jar;D:\Program\install\Java\jdk1.8.0_131\jre\lib\jce.jar;D:\Program\install\Java\jdk1.8.0_131\jre\lib\charsets.jar;D:\Program\install\Java\jdk1.8.0_131\jre\lib\jfr.jar;D:\Program\install\Java\jdk1.8.0_131\jre\classes"/>
    <property name="java.vendor" value="Oracle Corporation"/>
    <property name="maven.home" value="D:\Program\install\JetBrains\IntelliJ IDEA 2020.2.3\plugins\maven\lib\maven3"/>
    <property name="file.separator" value="\"/>
    <property name="java.vendor.url.bug" value="http://bugreport.sun.com/bugreport/"/>
    <property name="sun.cpu.endian" value="little"/>
    <property name="sun.io.unicode.encoding" value="UnicodeLittle"/>
    <property name="sun.desktop" value="windows"/>
    <property name="sun.cpu.isalist" value="amd64"/>
  </properties>
  <testcase classname="com.pinyougou.mapper.TestDao" name="testDao" time="0.411"/>
</testsuite>